0 info it worked if it ends with ok
1 verbose cli [ '/usr/local/bin/node',
1 verbose cli   '/usr/local/bin/npm',
1 verbose cli   'install',
1 verbose cli   'firebase',
1 verbose cli   '--save' ]
2 info using npm@3.10.3
3 info using node@v6.4.0
4 silly loadCurrentTree Starting
5 silly install loadCurrentTree
6 silly install readLocalPackageData
7 silly fetchPackageMetaData firebase
8 silly fetchNamedPackageData firebase
9 silly mapToRegistry name firebase
10 silly mapToRegistry using default registry
11 silly mapToRegistry registry https://registry.npmjs.org/
12 silly mapToRegistry data Result {
12 silly mapToRegistry   raw: 'firebase',
12 silly mapToRegistry   scope: null,
12 silly mapToRegistry   escapedName: 'firebase',
12 silly mapToRegistry   name: 'firebase',
12 silly mapToRegistry   rawSpec: '',
12 silly mapToRegistry   spec: 'latest',
12 silly mapToRegistry   type: 'tag' }
13 silly mapToRegistry uri https://registry.npmjs.org/firebase
14 verbose request uri https://registry.npmjs.org/firebase
15 verbose request no auth needed
16 info attempt registry request try #1 at 9:46:05 PM
17 verbose request id ed3888665865c1e3
18 http request GET https://registry.npmjs.org/firebase
19 http 200 https://registry.npmjs.org/firebase
20 verbose headers { server: 'nginx/1.10.1',
20 verbose headers   'content-type': 'application/json',
20 verbose headers   'last-modified': 'Sun, 25 Dec 2016 23:06:32 GMT',
20 verbose headers   etag: 'W/"586050f8-19cca"',
20 verbose headers   'content-encoding': 'gzip',
20 verbose headers   'cache-control': 'max-age=300',
20 verbose headers   'content-length': '11256',
20 verbose headers   'accept-ranges': 'bytes',
20 verbose headers   date: 'Thu, 29 Dec 2016 16:16:05 GMT',
20 verbose headers   via: '1.1 varnish',
20 verbose headers   age: '76',
20 verbose headers   connection: 'keep-alive',
20 verbose headers   'x-served-by': 'cache-lcy1129-LCY',
20 verbose headers   'x-cache': 'HIT',
20 verbose headers   'x-cache-hits': '1',
20 verbose headers   'x-timer': 'S1483028165.878057,VS0,VE0',
20 verbose headers   vary: 'Accept-Encoding' }
21 silly get cb [ 200,
21 silly get   { server: 'nginx/1.10.1',
21 silly get     'content-type': 'application/json',
21 silly get     'last-modified': 'Sun, 25 Dec 2016 23:06:32 GMT',
21 silly get     etag: 'W/"586050f8-19cca"',
21 silly get     'content-encoding': 'gzip',
21 silly get     'cache-control': 'max-age=300',
21 silly get     'content-length': '11256',
21 silly get     'accept-ranges': 'bytes',
21 silly get     date: 'Thu, 29 Dec 2016 16:16:05 GMT',
21 silly get     via: '1.1 varnish',
21 silly get     age: '76',
21 silly get     connection: 'keep-alive',
21 silly get     'x-served-by': 'cache-lcy1129-LCY',
21 silly get     'x-cache': 'HIT',
21 silly get     'x-cache-hits': '1',
21 silly get     'x-timer': 'S1483028165.878057,VS0,VE0',
21 silly get     vary: 'Accept-Encoding' } ]
22 verbose get saving firebase to /home/ritik/.npm/registry.npmjs.org/firebase/.cache.json
23 verbose correctMkdir /home/ritik/.npm correctMkdir not in flight; initializing
24 silly install normalizeTree
25 silly loadCurrentTree Finishing
26 silly loadIdealTree Starting
27 silly install loadIdealTree
28 silly cloneCurrentTree Starting
29 silly install cloneCurrentTreeToIdealTree
30 silly cloneCurrentTree Finishing
31 silly loadShrinkwrap Starting
32 silly install loadShrinkwrap
33 silly loadShrinkwrap Finishing
34 silly loadAllDepsIntoIdealTree Starting
35 silly install loadAllDepsIntoIdealTree
36 silly rollbackFailedOptional Starting
37 silly rollbackFailedOptional Finishing
38 silly runTopLevelLifecycles Starting
39 silly runTopLevelLifecycles Finishing
40 silly install printInstalled
41 verbose stack Error: Refusing to install firebase as a dependency of itself
41 verbose stack     at checkSelf (/usr/local/lib/node_modules/npm/lib/install/validate-args.js:53:14)
41 verbose stack     at Array.<anonymous> (/usr/local/lib/node_modules/npm/node_modules/slide/lib/bind-actor.js:15:8)
41 verbose stack     at LOOP (/usr/local/lib/node_modules/npm/node_modules/slide/lib/chain.js:15:14)
41 verbose stack     at chain (/usr/local/lib/node_modules/npm/node_modules/slide/lib/chain.js:20:5)
41 verbose stack     at /usr/local/lib/node_modules/npm/lib/install/validate-args.js:16:5
41 verbose stack     at /usr/local/lib/node_modules/npm/node_modules/slide/lib/async-map.js:52:35
41 verbose stack     at Array.forEach (native)
41 verbose stack     at /usr/local/lib/node_modules/npm/node_modules/slide/lib/async-map.js:52:11
41 verbose stack     at Array.forEach (native)
41 verbose stack     at asyncMap (/usr/local/lib/node_modules/npm/node_modules/slide/lib/async-map.js:51:8)
42 verbose cwd /home/ritik/WEB/WEB/MEAN/firebase
43 error Linux 4.2.0-42-generic
44 error argv "/usr/local/bin/node" "/usr/local/bin/npm" "install" "firebase" "--save"
45 error node v6.4.0
46 error npm  v3.10.3
47 error code ENOSELF
48 error Refusing to install firebase as a dependency of itself
49 error If you need help, you may report this error at:
49 error     <https://github.com/npm/npm/issues>
50 verbose exit [ 1, true ]
