Arguments: 
  C:\Program Files\nodejs\node.exe C:\Users\ritiksax\AppData\Roaming\npm\node_modules\yarn\bin\yarn.js run serve

PATH: 
  C:\ProgramData\Oracle\Java\javapath;C:\windows\system32;C:\windows;C:\windows\System32\Wbem;C:\windows\System32\WindowsPowerShell\v1.0\;C:\Program Files\Git\cmd;C:\Python27;C:\Python27\scripts;C:\Program Files\nodejs;C:\Program Files\MySQL\MySQL Utilities 1.6\;C:\Users\ritiksax\AppData\Local\Continuum\miniconda3;C:\Users\ritiksax\AppData\Local\Continuum\miniconda3\Library\mingw-w64\bin;C:\Users\ritiksax\AppData\Local\Continuum\miniconda3\Library\usr\bin;C:\Users\ritiksax\AppData\Local\Continuum\miniconda3\Library\bin;C:\Users\ritiksax\AppData\Local\Continuum\miniconda3\Scripts;C:\Users\ritiksax\AppData\Local\Microsoft\WindowsApps;C:\Users\ritiksax\AppData\Local\atom\bin;C:\Users\ritiksax\AppData\Roaming\npm

Yarn version: 
  1.5.0

Node version: 
  8.9.4

Platform: 
  win32 x64

npm manifest: 
  {
    "name": "indecision-app",
    "version": "1.0.0",
    "description": "",
    "main": "index.js",
    "scripts": {
      "test": "echo \"Error: no test specified\" && exit 1",
      "server": "live-server public/",
      "build": "babel src/app.js --out-file=public/scripts/app.js --presets=env,react --watch"
    },
    "author": "Ritik",
    "license": "ISC",
    "dependencies": {
      "babel-cli": "^6.26.0",
      "babel-loader": "^7.1.2",
      "babel-preset-env": "^1.6.1",
      "babel-preset-react": "^6.24.1",
      "live-server": "^1.2.0"
    }
  }

yarn manifest: 
  No manifest

Lockfile: 
  No lockfile

Trace: 
  Error: Command "serve" not found. Did you mean "server"?
      at new MessageError (C:\Users\ritiksax\AppData\Roaming\npm\node_modules\yarn\lib\cli.js:186:110)
      at C:\Users\ritiksax\AppData\Roaming\npm\node_modules\yarn\lib\cli.js:87307:17
      at Generator.next (<anonymous>)
      at step (C:\Users\ritiksax\AppData\Roaming\npm\node_modules\yarn\lib\cli.js:98:30)
      at C:\Users\ritiksax\AppData\Roaming\npm\node_modules\yarn\lib\cli.js:116:14
      at new Promise (<anonymous>)
      at new F (C:\Users\ritiksax\AppData\Roaming\npm\node_modules\yarn\lib\cli.js:23451:28)
      at C:\Users\ritiksax\AppData\Roaming\npm\node_modules\yarn\lib\cli.js:95:12
      at runCommand (C:\Users\ritiksax\AppData\Roaming\npm\node_modules\yarn\lib\cli.js:87312:22)
      at Object.<anonymous> (C:\Users\ritiksax\AppData\Roaming\npm\node_modules\yarn\lib\cli.js:87412:14)
